This is pdfTeX, Version 3.14159265-2.6-1.40.17 (TeX Live 2016/Debian) (preloaded format=prv_review 2017.7.12)  12 JUL 2017 02:33
entering extended mode
 restricted \write18 enabled.
 %&-line parsing enabled.
**&prv_review _region_.tex
(./_region_.tex
LaTeX2e <2017/01/01> patch level 3
Babel <3.9r> and hyphenation patterns for 3 language(s) loaded.
CUSTOMISED FORMAT. Preloaded files:
        .
 article.cls    2014/09/29 v1.4h Standard LaTeX document class
  size12.clo    2014/09/29 v1.4h Standard LaTeX file (size option)
 amsmath.sty    2016/11/05 v2.16a AMS math features
 amstext.sty    2000/06/29 v2.01 AMS text
  amsgen.sty    1999/11/30 v2.0 generic functions
  amsbsy.sty    1999/11/29 v1.2d Bold Symbols
  amsopn.sty    2016/03/08 v2.02 operator names
 amssymb.sty    2013/01/14 v3.01 AMS font symbols
amsfonts.sty    2013/01/14 v3.01 Basic AMSFonts support
graphicx.sty    2014/10/28 v1.0g Enhanced LaTeX Graphics (DPC,SPQR)
  keyval.sty    2014/10/28 v1.15 key=value parser (DPC)
graphics.sty    2016/10/09 v1.0u Standard LaTeX Graphics (DPC,SPQR)
    trig.sty    2016/01/03 v1.10 sin cos tan (DPC)
graphics.cfg    2016/06/04 v1.11 sample graphics configuration
  pdftex.def    2017/01/12 v0.06k Graphics/color for pdfTeX
infwarerr.sty    2016/05/16 v1.4 Providing info/warning/error messages (HO)
 ltxcmds.sty    2016/05/16 v1.23 LaTeX kernel commands for general use (HO)
microtype.sty    2016/05/14 v2.6a Micro-typographical refinements (RS)
microtype-pdftex.def    2016/05/14 v2.6a Definitions specific to pdftex (RS)
microtype.cfg    2016/05/14 v2.6a microtype main configuration file (RS)
 lmodern.sty    2009/10/30 v1.6 Latin Modern Fonts
hyperref.sty    2016/06/24 v6.83q Hypertext links for LaTeX
hobsub-hyperref.sty    2016/05/16 v1.14 Bundle oberdiek, subset hyperref (HO)
hobsub-generic.sty    2016/05/16 v1.14 Bundle oberdiek, subset generic (HO)
  hobsub.sty    2016/05/16 v1.14 Construct package bundles (HO)
ifluatex.sty    2016/05/16 v1.4 Provides the ifluatex switch (HO)
  ifvtex.sty    2016/05/16 v1.6 Detect VTeX and its facilities (HO)
 intcalc.sty    2016/05/16 v1.2 Expandable calculations with integers (HO)
   ifpdf.sty    2016/05/14 v3.1 Provides the ifpdf switch
etexcmds.sty    2016/05/16 v1.6 Avoid name clashes with e-TeX commands (HO)
kvsetkeys.sty    2016/05/16 v1.17 Key value parser (HO)
kvdefinekeys.sty    2016/05/16 v1.4 Define keys (HO)
pdftexcmds.sty    2016/05/21 v0.22 Utility functions of pdfTeX for LuaTeX (HO)
pdfescape.sty    2016/05/16 v1.14 Implements pdfTeX's escape features (HO)
bigintcalc.sty    2016/05/16 v1.4 Expandable calculations on big integers (HO)
  bitset.sty    2016/05/16 v1.2 Handle bit-vector datatype (HO)
uniquecounter.sty    2016/05/16 v1.3 Provide unlimited unique counter (HO)
letltxmacro.sty    2016/05/16 v1.5 Let assignment for LaTeX macros (HO)
 hopatch.sty    2016/05/16 v1.3 Wrapper for package hooks (HO)
xcolor-patch.sty    2016/05/16 xcolor patch
atveryend.sty    2016/05/16 v1.9 Hooks at the very end of document (HO)
atbegshi.sty    2016/06/09 v1.18 At begin shipout hook (HO)
refcount.sty    2016/05/16 v3.5 Data extraction from label references (HO)
 hycolor.sty    2016/05/16 v1.8 Color options for hyperref/bookmark (HO)
 ifxetex.sty    2010/09/12 v0.6 Provides ifxetex conditional
 auxhook.sty    2016/05/16 v1.4 Hooks for auxiliary files (HO)
kvoptions.sty    2016/05/16 v3.12 Key value format for package options (HO)
  pd1enc.def    2016/06/24 v6.83q Hyperref: PDFDocEncoding definition (HO)
hyperref.cfg    2002/06/06 v1.2 hyperref configuration of TeXLive
     url.sty    2013/09/16  ver 3.4  Verb mode for urls, etc.
 hpdftex.def    2016/06/24 v6.83q Hyperref driver for pdfTeX
rerunfilecheck.sty    2016/05/16 v1.8 Rerun checks for auxiliary files (HO)
  ot1lmr.fd    2009/10/30 v1.6 Font defs for Latin Modern
  omllmm.fd    2009/10/30 v1.6 Font defs for Latin Modern
 omslmsy.fd    2009/10/30 v1.6 Font defs for Latin Modern
 omxlmex.fd    2009/10/30 v1.6 Font defs for Latin Modern
    umsa.fd    2013/01/14 v3.01 AMS symbols A
    umsb.fd    2013/01/14 v3.01 AMS symbols B
 ot1lmtt.fd    2009/10/30 v1.6 Font defs for Latin Modern
 ot1lmss.fd    2009/10/30 v1.6 Font defs for Latin Modern
        .
No file _region_.aux.
LaTeX Font Info:    Checking defaults for OML/cmm/m/it on input line 17.
LaTeX Font Info:    ... okay on input line 17.
LaTeX Font Info:    Checking defaults for T1/cmr/m/n on input line 17.
LaTeX Font Info:    ... okay on input line 17.
LaTeX Font Info:    Checking defaults for OT1/cmr/m/n on input line 17.
LaTeX Font Info:    ... okay on input line 17.
LaTeX Font Info:    Checking defaults for OMS/cmsy/m/n on input line 17.
LaTeX Font Info:    ... okay on input line 17.
LaTeX Font Info:    Checking defaults for OMX/cmex/m/n on input line 17.
LaTeX Font Info:    ... okay on input line 17.
LaTeX Font Info:    Checking defaults for U/cmr/m/n on input line 17.
LaTeX Font Info:    ... okay on input line 17.
LaTeX Font Info:    Checking defaults for PD1/pdf/m/n on input line 17.
LaTeX Font Info:    ... okay on input line 17.
(/usr/share/texmf/tex/latex/preview/preview.sty
Package: preview 2010/02/14 11.90 (AUCTeX/preview-latex)

(/usr/share/texmf/tex/latex/preview/prtightpage.def
\PreviewBorder=\dimen119
)
(/usr/share/texmf/tex/latex/preview/prauctex.def
No auxiliary output files.


\hbadness=\count112
\hfuzz=\dimen120
(/usr/share/texmf/tex/latex/preview/prauctex.cfg))
(/usr/share/texmf/tex/latex/preview/prfootnotes.def)
\pr@snippet=\count113
\pr@box=\box28
\pr@output=\toks21

Preview: Fontsize 12pt
Preview: PDFoutput 1
) (/usr/share/texlive/texmf-dist/tex/context/base/mkii/supp-pdf.mkii
[Loading MPS to PDF converter (version 2006.09.02).]
\scratchcounter=\count114
\scratchdimen=\dimen121
\scratchbox=\box29
\nofMPsegments=\count115
\nofMParguments=\count116
\everyMPshowfont=\toks22
\MPscratchCnt=\count117
\MPscratchDim=\dimen122
\MPnumerator=\count118
\makeMPintoPDFobject=\count119
\everyMPtoPDFconversion=\toks23
) (/usr/share/texlive/texmf-dist/tex/latex/oberdiek/epstopdf-base.sty
Package: epstopdf-base 2016/05/15 v2.6 Base part for package epstopdf

(/usr/share/texlive/texmf-dist/tex/latex/oberdiek/grfext.sty
Package: grfext 2016/05/16 v1.2 Manage graphics extensions (HO)
)
Package epstopdf-base Info: Redefining graphics rule for `.eps' on input line 4
38.
Package grfext Info: Graphics extension search list:
(grfext)             [.png,.pdf,.jpg,.mps,.jpeg,.jbig2,.jb2,.PNG,.PDF,.JPG,.JPE
G,.JBIG2,.JB2,.eps]
(grfext)             \AppendGraphicsExtensions on input line 456.

(/usr/share/texlive/texmf-dist/tex/latex/latexconfig/epstopdf-sys.cfg
File: epstopdf-sys.cfg 2010/07/13 v1.3 Configuration of (r)epstopdf for TeX Liv
e
))
LaTeX Info: Redefining \microtypecontext on input line 17.
Package microtype Info: Generating PDF output.
Package microtype Info: Character protrusion enabled (level 2).
Package microtype Info: Using default protrusion set `alltext'.
Package microtype Info: No font expansion.
Package microtype Info: No adjustment of tracking.
Package microtype Info: No adjustment of interword spacing.
Package microtype Info: No adjustment of character kerning.

(/usr/share/texlive/texmf-dist/tex/latex/microtype/mt-cmr.cfg
File: mt-cmr.cfg 2013/05/19 v2.2 microtype config. file: Computer Modern Roman 
(RS)
)
\AtBeginShipoutBox=\box30
Package hyperref Info: Link coloring OFF on input line 17.

(/usr/share/texlive/texmf-dist/tex/latex/hyperref/nameref.sty
Package: nameref 2016/05/21 v2.44 Cross-referencing by name of section

(/usr/share/texlive/texmf-dist/tex/generic/oberdiek/gettitlestring.sty
Package: gettitlestring 2016/05/16 v1.5 Cleanup title references (HO)
)
\c@section@level=\count120
)
LaTeX Info: Redefining \ref on input line 17.
LaTeX Info: Redefining \pageref on input line 17.
LaTeX Info: Redefining \nameref on input line 17.

 !name(review.tex) !offset(-3) 
LaTeX Font Info:    External font `lmex10' loaded for size
(Font)              <14.4> on input line 22.
LaTeX Font Info:    External font `lmex10' loaded for size
(Font)              <10> on input line 22.
LaTeX Font Info:    External font `lmex10' loaded for size
(Font)              <7> on input line 22.

(/usr/share/texlive/texmf-dist/tex/latex/microtype/mt-msa.cfg
File: mt-msa.cfg 2006/02/04 v1.1 microtype config. file: AMS symbols (a) (RS)
)
(/usr/share/texlive/texmf-dist/tex/latex/microtype/mt-msb.cfg
File: mt-msb.cfg 2005/06/01 v1.0 microtype config. file: AMS symbols (b) (RS)
)
! Preview: Snippet 1 started.
<-><->
      
l.23 \tableofcontents
                     
Not a real error.

Preview: Tightpage -32891 -32891 32891 32891
! Preview: Snippet 1 ended.(762760+0x25559040).
<-><->
      
l.23 \tableofcontents
                     
Not a real error.

[1{/var/lib/texmf/fonts/map/pdftex/updmap/pdftex.map}]
! Preview: Snippet 2 started.
<-><->
      
l.27 \section
             {Probability Theory}
Not a real error.

! Preview: Snippet 2 ended.(796922+220200x25559040).
<-><->
      
l.27 \section{Probability Theory}
                                 
Not a real error.

[2

]
! Preview: Snippet 3 started.
<-><->
      
l.29 \subsection
                {Conjugate Priors}
Not a real error.

! Preview: Snippet 3 ended.(635633+183500x25559040).
<-><->
      
l.29 \subsection{Conjugate Priors}
                                  
Not a real error.

[3

]
! Preview: Snippet 4 started.
<-><->
      
l.31 \subsection
                {Basic manipulations of Multivariate Gaussians}
Not a real error.

! Preview: Snippet 4 ended.(664101+183500x25559040).
<-><->
      
l.31 ...c manipulations of Multivariate Gaussians}
                                                  
Not a real error.

[4

]
! Preview: Snippet 5 started.
<-><->
      
l.33 \subsection
                {Extremal Value Distributions}
Not a real error.

! Preview: Snippet 5 ended.(664101+0x25559040).
<-><->
      
l.33 \subsection{Extremal Value Distributions}
                                              
Not a real error.

[5

]
! Preview: Snippet 6 started.
<-><->
      
l.35 \section
             {Information Theory}
Not a real error.

! Preview: Snippet 6 ended.(796922+220200x25559040).
<-><->
      
l.35 \section{Information Theory}
                                 
Not a real error.

[6

]
! Preview: Snippet 7 started.
<-><->
      
l.37 \subsection
                {Basics}
Not a real error.

! Preview: Snippet 7 ended.(635633+0x25559040).
<-><->
      
l.37 \subsection{Basics}
                        
Not a real error.

[7

]
! Preview: Snippet 8 started.
<-><->
      
l.39 \subsection
                {KL Divergence}
Not a real error.

! Preview: Snippet 8 ended.(635633+183500x25559040).
<-><->
      
l.39 \subsection{KL Divergence}
                               
Not a real error.

[8

]
! Preview: Snippet 9 started.
<-><->
      
l.41 \subsection
                {Fisher Information Matrix}
Not a real error.

! Preview: Snippet 9 ended.(664101+0x25559040).
<-><->
      
l.41 \subsection{Fisher Information Matrix}
                                           
Not a real error.

[9

]
! Preview: Snippet 10 started.
<-><->
      
l.43 \section
             {Linear Algebra}
Not a real error.

! Preview: Snippet 10 ended.(796922+220200x25559040).
<-><->
      
l.43 \section{Linear Algebra}
                             
Not a real error.

[10

]
! Preview: Snippet 11 started.
<-><->
      
l.45 \subsection
                {Identities}
Not a real error.

! Preview: Snippet 11 ended.(664101+0x25559040).
<-><->
      
l.45 \subsection{Identities}
                            
Not a real error.

[11

]
! Preview: Snippet 12 started.
<-><->
      
l.47 \subsection
                {Singular Value Decomposition}
Not a real error.

! Preview: Snippet 12 ended.(664101+183500x25559040).
<-><->
      
l.47 \subsection{Singular Value Decomposition}
                                              
Not a real error.

[12

]
! Preview: Snippet 13 started.
<-><->
      
l.49 \subsection
                {Principle Component Analysis}
Not a real error.

! Preview: Snippet 13 ended.(664101+183500x25559040).
<-><->
      
l.49 \subsection{Principle Component Analysis}
                                              
Not a real error.

[13

]
! Preview: Snippet 14 started.
<-><->
      
l.51 \section
             {Probabilistic Graphical Models}
Not a real error.

! Preview: Snippet 14 ended.(796922+220200x25559040).
<-><->
      
l.51 \section{Probabilistic Graphical Models}
                                             
Not a real error.

[14

]
! Preview: Snippet 15 started.
<-><->
      
l.53 \subsection
                {Viterbi and Forward Backward Algorithm}
Not a real error.

! Preview: Snippet 15 ended.(664101+183500x25559040).
<-><->
      
l.53 ...on{Viterbi and Forward Backward Algorithm}
                                                  
Not a real error.

[15

]
! Preview: Snippet 16 started.
<-><->
      
l.59 ...But before we get mixed up in math here: $
                                                  o_i$ denotes observation a...

Not a real error.

! Preview: Snippet 16 ended.(338603+117964x592608).
<-><->
      
l.59 ...before we get mixed up in math here: $o_i$
                                                   denotes observation and $...

Not a real error.

[16]
! Preview: Snippet 17 started.
<-><->
      
l.59 ...math here: $o_i$ denotes observation and $
                                                  x_i$ denotes the hidden st...

Not a real error.

! Preview: Snippet 17 ended.(338603+117964x660012).
<-><->
      
l.59 ... here: $o_i$ denotes observation and $x_i$
                                                   denotes the hidden state.
Not a real error.

[17]
! Preview: Snippet 18 started.
<-><->
      
l.63 }
      
Not a real error.

! Preview: Snippet 18 ended.(1671891+0x17947232).
<-><->
      
l.63 }
      
Not a real error.

[18]
! Preview: Snippet 19 started.
<-><->
      
l.69 }
      
Not a real error.

! Preview: Snippet 19 ended.(1569946+0x17664441).
<-><->
      
l.69 }
      
Not a real error.

[19]
! Preview: Snippet 20 started.
<-><->
      
l.70 Note this product is incorrect when $
                                          i = n$, but let's ignore that.
Not a real error.

! Preview: Snippet 20 ended.(515577+0x1758186).
<-><->
      
l.70 Note this product is incorrect when $i = n$
                                                , but let's ignore that.
Not a real error.

[20]
! Preview: Snippet 21 started.
<-><->
      
l.72 ...ally the same thing. We can just replace $
                                                  P(o_i|x_i)$ with $\phi(x_i...

Not a real error.

! Preview: Snippet 21 ended.(589824+196608x2673277).
<-><->
      
l.72 ...me thing. We can just replace $P(o_i|x_i)$
                                                   with $\phi(x_i)$ and $P(x...

Not a real error.

[21]
! Preview: Snippet 22 started.
<-><->
      
l.72 ...g. We can just replace $P(o_i|x_i)$ with $
                                                  \phi(x_i)$ and $P(x_i|x_{i...

Not a real error.

! Preview: Snippet 22 ended.(589824+196608x1714666).
<-><->
      
l.72 ...just replace $P(o_i|x_i)$ with $\phi(x_i)$
                                                   and $P(x_i|x_{i+1})$ with...

Not a real error.

[22]
! Preview: Snippet 23 started.
<-><->
      
l.72 ...eplace $P(o_i|x_i)$ with $\phi(x_i)$ and $
                                                  P(x_i|x_{i+1})$ with $\phi...

Not a real error.

! Preview: Snippet 23 ended.(589824+196608x3452467).
<-><->
      
l.72 ..._i)$ with $\phi(x_i)$ and $P(x_i|x_{i+1})$
                                                   with $\phi(x_i, x_{i+1})$...

Not a real error.

[23]
! Preview: Snippet 24 started.
<-><->
      
l.72 ...th $\phi(x_i)$ and $P(x_i|x_{i+1})$ with $
                                                  \phi(x_i, x_{i+1})$. So it...

Not a real error.

! Preview: Snippet 24 ended.(589824+196608x3431434).
<-><->
      
l.72 ...$P(x_i|x_{i+1})$ with $\phi(x_i, x_{i+1})$
                                                  . So it suffices to solve ...

Not a real error.

[24]
! Preview: Snippet 25 started.
<-><->
      
l.74 We want to solve for $
                           P(x_k|\o)$. The key is the following manipulation:
Not a real error.

! Preview: Snippet 25 ended.(589824+196608x2637397).
<-><->
      
l.74 We want to solve for $P(x_k|\o)$
                                     . The key is the following manipulation:
Not a real error.

[25]
! Preview: Snippet 26 started.
<-><->
      
l.80 }
      
Not a real error.

! Preview: Snippet 26 ended.(5364088+0x19397504).
<-><->
      
l.80 }
      
Not a real error.

[26]
! Preview: Snippet 27 started.
<-><->
      
l.87 }
      
Not a real error.

! Preview: Snippet 27 ended.(3977970+0x19147732).
<-><->
      
l.87 }
      
Not a real error.

[27]
! Preview: Snippet 28 started.
<-><->
      
l.94 }
      
Not a real error.

! Preview: Snippet 28 ended.(3070328+0x22938817).
<-><->
      
l.94 }
      
Not a real error.

[28]
! Preview: Snippet 29 started.
<-><->
      
l.96 ...e just need to figure out how to compute $
                                                  P(\o_{1:k}|x_k)$ and $P(x_...

Not a real error.

! Preview: Snippet 29 ended.(589824+196608x3407452).
<-><->
      
l.96 ...igure out how to compute $P(\o_{1:k}|x_k)$
                                                   and $P(x_k|o_{k+1:n})$. W...

Not a real error.

[29]
! Preview: Snippet 30 started.
<-><->
      
l.96 ...out how to compute $P(\o_{1:k}|x_k)$ and $
                                                  P(x_k|o_{k+1:n})$. We can ...

Not a real error.

! Preview: Snippet 30 ended.(589824+196608x4106524).
<-><->
      
l.96 ...e $P(\o_{1:k}|x_k)$ and $P(x_k|o_{k+1:n})$
                                                  . We can do this inductive...

Not a real error.

[30]
! Preview: Snippet 31 started.
<-><->
      
l.96 ...tively. To do this, we specify that each $
                                                  x_i$ is a categorical vari...

Not a real error.

! Preview: Snippet 31 ended.(338603+117964x660012).
<-><->
      
l.96 ...ly. To do this, we specify that each $x_i$
                                                   is a categorical variable...

Not a real error.

[31]
! Preview: Snippet 32 started.
<-><->
      
l.96 ..._i$ is a categorical variables in one of $
                                                  m$ classes indexed by $j$....

Not a real error.

! Preview: Snippet 32 ended.(338603+0x673557).
<-><->
      
l.96 ...$ is a categorical variables in one of $m$
                                                   classes indexed by $j$. I...

Not a real error.

[32]
! Preview: Snippet 33 started.
<-><->
      
l.96 ...riables in one of $m$ classes indexed by $
                                                  j$. In the base case, we a...

Not a real error.

! Preview: Snippet 33 ended.(515577+152916x362819).
<-><->
      
l.96 ...ables in one of $m$ classes indexed by $j$
                                                  . In the base case, we are...

Not a real error.

[33]
! Preview: Snippet 34 started.
<-><->
      
l.96 ...d by $j$. In the base case, we are given $
                                                  P(o_1 | x_1)$. Since $x_k$...

Not a real error.

! Preview: Snippet 34 ended.(589824+196608x2851017).
<-><->
      
l.96 ...the base case, we are given $P(o_1 | x_1)$
                                                  . Since $x_k$ is between $...

Not a real error.

[34]
! Preview: Snippet 35 started.
<-><->
      
l.96 ...case, we are given $P(o_1 | x_1)$. Since $
                                                  x_k$ is between $o_{1:k-1}...

Not a real error.

! Preview: Snippet 35 ended.(338603+117964x774372).
<-><->
      
l.96 ..., we are given $P(o_1 | x_1)$. Since $x_k$
                                                   is between $o_{1:k-1}$ an...

Not a real error.

[35]
! Preview: Snippet 36 started.
<-><->
      
l.96 ...n $P(o_1 | x_1)$. Since $x_k$ is between $
                                                  o_{1:k-1}$ and $o_k$ it re...

Not a real error.

! Preview: Snippet 36 ended.(338603+172580x1852037).
<-><->
      
l.96 ... x_1)$. Since $x_k$ is between $o_{1:k-1}$
                                                   and $o_k$ it renders $o_k...

Not a real error.

[36]
! Preview: Snippet 37 started.
<-><->
      
l.96 .... Since $x_k$ is between $o_{1:k-1}$ and $
                                                  o_k$ it renders $o_k$ inde...

Not a real error.

! Preview: Snippet 37 ended.(338603+117964x706968).
<-><->
      
l.96 ...nce $x_k$ is between $o_{1:k-1}$ and $o_k$
                                                   it renders $o_k$ independ...

Not a real error.

[37]
! Preview: Snippet 38 started.
<-><->
      
l.96 ...between $o_{1:k-1}$ and $o_k$ it renders $
                                                  o_k$ independent from the ...

Not a real error.

! Preview: Snippet 38 ended.(338603+117964x706968).
<-><->
      
l.96 ...een $o_{1:k-1}$ and $o_k$ it renders $o_k$
                                                   independent from the rest...

Not a real error.

[38]
! Preview: Snippet 39 started.
<-><->
      
l.96 ...ndependent from the rest, conditioned on $
                                                  x_k$. We will take advanta...

Not a real error.

! Preview: Snippet 39 ended.(338603+117964x774372).
<-><->
      
l.96 ...endent from the rest, conditioned on $x_k$
                                                  . We will take advantage o...

Not a real error.

[39]
! Preview: Snippet 40 started.
<-><->
      
l.101 }
       
Not a real error.

! Preview: Snippet 40 ended.(2884306+0x22530734).
<-><->
      
l.101 }
       
Not a real error.

[40]
! Preview: Snippet 41 started.
<-><->
      
l.103 Notice that we can retrieve $
                                   P(o_{1:k-1}|x_{k-1})$ from a recursive ca...

Not a real error.

! Preview: Snippet 41 ended.(589824+196608x4758866).
<-><->
      
l.103 ...at we can retrieve $P(o_{1:k-1}|x_{k-1})$
                                                   from a recursive case, so...

Not a real error.

[41]
! Preview: Snippet 42 started.
<-><->
      
l.105 Computing $
                 P(x_k|o_{k+1:n})$ is very similar. We start with the base c...

Not a real error.

! Preview: Snippet 42 ended.(589824+196608x4106524).
<-><->
      
l.105 Computing $P(x_k|o_{k+1:n})$
                                   is very similar. We start with the base c...

Not a real error.

[42]
! Preview: Snippet 43 started.
<-><->
      
l.105 ...milar. We start with the base case that $
                                                  P(x_{n-1}|o_n)$. I don't k...

Not a real error.

! Preview: Snippet 43 ended.(589824+196608x3681761).
<-><->
      
l.105 ... with the base case that $P(x_{n-1}|o_n)$
                                                  . I don't know how to do t...

Not a real error.

[43]
! Preview: Snippet 44 started.
<-><->
      
l.107 Question: what if we need to know $
                                         P(x_n)$? Well we won't, because if ...

Not a real error.

! Preview: Snippet 44 ended.(589824+196608x2010557).
<-><->
      
l.107 Question: what if we need to know $P(x_n)$
                                                ? Well we won't, because if ...

Not a real error.

[44]
! Preview: Snippet 45 started.
<-><->
      
l.107 ...cause if you look at our final equation $
                                                  P(\o_{1:k}|x_k)P(x_k | \o_...

Not a real error.

! Preview: Snippet 45 ended.(589824+196608x7586162).
<-><->
      
l.107 ...tion $P(\o_{1:k}|x_k)P(x_k | \o_{k+1:n})$
                                                  , if we have $k = n$, then...

Not a real error.

[45]
! Preview: Snippet 46 started.
<-><->
      
l.107 ...k}|x_k)P(x_k | \o_{k+1:n})$, if we have $
                                                  k = n$, then the first ter...

Not a real error.

! Preview: Snippet 46 ended.(546132+0x1922382).
<-><->
      
l.107 ...)P(x_k | \o_{k+1:n})$, if we have $k = n$
                                                  , then the first term will...

Not a real error.

[46]
! Preview: Snippet 47 started.
<-><->
      
l.109 ... lot of trickery with only dealing with $
                                                  \propto$
Not a real error.

! Preview: Snippet 47 ended.(338602+0x611671).
<-><->
      
l.109 ...trickery with only dealing with $\propto$
                                                  
Not a real error.

[47]
! Preview: Snippet 48 started.
<-><->
      
l.111 \subsection
                 {Message Passing and Loopy Belief Propagation}
Not a real error.

! Preview: Snippet 48 ended.(664101+183500x25559040).
<-><->
      
l.111 ...age Passing and Loopy Belief Propagation}
                                                  
Not a real error.

[48

]
! Preview: Snippet 49 started.
<-><->
      
l.113 \subsection
                 {Efficient Inference in Dense Gaussian CRFS}
Not a real error.

! Preview: Snippet 49 ended.(664101+0x25559040).
<-><->
      
l.113 ...ficient Inference in Dense Gaussian CRFS}
                                                  
Not a real error.

[49

]
! Preview: Snippet 50 started.
<-><->
      
l.115 \section
              {Linear and Nonlinear Bayesian Models}
Not a real error.

! Preview: Snippet 50 ended.(796922+220200x25559040).
<-><->
      
l.115 ...ion{Linear and Nonlinear Bayesian Models}
                                                  
Not a real error.

[50

]
! Preview: Snippet 51 started.
<-><->
      
l.117 \subsection
                 {Bayesian Linear Regression}
Not a real error.

! Preview: Snippet 51 ended.(635633+183500x25559040).
<-><->
      
l.117 \subsection{Bayesian Linear Regression}
                                             
Not a real error.

[51

]
! Preview: Snippet 52 started.
<-><->
      
l.119 \subsubsection
                    {Evidence Approximation}
Not a real error.

! Preview: Snippet 52 ended.(553418+152916x25559040).
<-><->
      
l.119 \subsubsection{Evidence Approximation}
                                            
Not a real error.

[52

]
! Preview: Snippet 53 started.
<-><->
      
l.121 \subsection
                 {Bayesian Logistic Regression}
Not a real error.

! Preview: Snippet 53 ended.(635633+183500x25559040).
<-><->
      
l.121 \subsection{Bayesian Logistic Regression}
                                               
Not a real error.

[53

]
! Preview: Snippet 54 started.
<-><->
      
l.123 \subsubsection
                    {Laplace Approximation}
Not a real error.

! Preview: Snippet 54 ended.(553418+152916x25559040).
<-><->
      
l.123 \subsubsection{Laplace Approximation}
                                           
Not a real error.

[54

]
! Preview: Snippet 55 started.
<-><->
      
l.125 \subsection
                 {Spline and Wavelet Bases}
Not a real error.

! Preview: Snippet 55 ended.(664101+183500x25559040).
<-><->
      
l.125 \subsection{Spline and Wavelet Bases}
                                           
Not a real error.

[55

]
! Preview: Snippet 56 started.
<-><->
      
l.127 \subsection
                 {Bayesian Neural Networks}
Not a real error.

! Preview: Snippet 56 ended.(664101+183500x25559040).
<-><->
      
l.127 \subsection{Bayesian Neural Networks}
                                           
Not a real error.

[56

]
! Preview: Snippet 57 started.
<-><->
      
l.128 \section
              {Approximate Inference}
Not a real error.

! Preview: Snippet 57 ended.(796922+220200x25559040).
<-><->
      
l.128 \section{Approximate Inference}
                                     
Not a real error.

[57

]
! Preview: Snippet 58 started.
<-><->
      
l.130 \subsection
                 {Expectation Maximization}
Not a real error.

! Preview: Snippet 58 ended.(635633+183500x25559040).
<-><->
      
l.130 \subsection{Expectation Maximization}
                                           
Not a real error.

[58

]
! Preview: Snippet 59 started.
<-><->
      
l.132 \subsection
                 {Variational Inference}
Not a real error.

! Preview: Snippet 59 ended.(664101+0x25559040).
<-><->
      
l.132 \subsection{Variational Inference}
                                        
Not a real error.

[59

]
! Preview: Snippet 60 started.
<-><->
      
l.134 \section
              {Sampling Algorithms}
Not a real error.

! Preview: Snippet 60 ended.(796922+220200x25559040).
<-><->
      
l.134 \section{Sampling Algorithms}
                                   
Not a real error.

[60

]
! Preview: Snippet 61 started.
<-><->
      
l.136 \subsection
                 {Importance Sampling}
Not a real error.

! Preview: Snippet 61 ended.(664101+183500x25559040).
<-><->
      
l.136 \subsection{Importance Sampling}
                                      
Not a real error.

[61

]
! Preview: Snippet 62 started.
<-><->
      
l.138 \subsection
                 {Monte Carlo Markov Chain}
Not a real error.

! Preview: Snippet 62 ended.(664101+0x25559040).
<-><->
      
l.138 \subsection{Monte Carlo Markov Chain}
                                           
Not a real error.

[62

]
! Preview: Snippet 63 started.
<-><->
      
l.140 \subsubsection
                    {Metropolis Hastings}
Not a real error.

! Preview: Snippet 63 ended.(553418+152916x25559040).
<-><->
      
l.140 \subsubsection{Metropolis Hastings}
                                         
Not a real error.

[63

]
! Preview: Snippet 64 started.
<-><->
      
l.142 \subsubsection
                    {Reversible Jump MCMC}
Not a real error.

! Preview: Snippet 64 ended.(553418+152916x25559040).
<-><->
      
l.142 \subsubsection{Reversible Jump MCMC}
                                          
Not a real error.

[64

]
! Preview: Snippet 65 started.
<-><->
      
l.144 \subsection
                 {Gibbs Sampling}
Not a real error.

! Preview: Snippet 65 ended.(664101+183500x25559040).
<-><->
      
l.144 \subsection{Gibbs Sampling}
                                 
Not a real error.

[65

]
! Preview: Snippet 66 started.
<-><->
      
l.146 \section
              {Optimization}
Not a real error.

! Preview: Snippet 66 ended.(762760+220200x25559040).
<-><->
      
l.146 \section{Optimization}
                            
Not a real error.

[66

]
! Preview: Snippet 67 started.
<-><->
      
l.148 \subsection
                 {Lagrange Multipliers}
Not a real error.

! Preview: Snippet 67 ended.(664101+183500x25559040).
<-><->
      
l.148 \subsection{Lagrange Multipliers}
                                       
Not a real error.

[67

]
! Preview: Snippet 68 started.
<-><->
      
l.150 \subsection
                 {Lagrangian Duality}
Not a real error.

! Preview: Snippet 68 ended.(664101+183500x25559040).
<-><->
      
l.150 \subsection{Lagrangian Duality}
                                     
Not a real error.

[68

]
! Preview: Snippet 69 started.
<-><->
      
l.152 \subsection
                 {KKT Conditions}
Not a real error.

! Preview: Snippet 69 ended.(664101+0x25559040).
<-><->
      
l.152 \subsection{KKT Conditions}
                                 
Not a real error.

[69

]
! Preview: Snippet 70 started.
<-><->
      
l.154 \subsection
                 {SGD Variants}
Not a real error.

! Preview: Snippet 70 ended.(635633+0x25559040).
<-><->
      
l.154 \subsection{SGD Variants}
                               
Not a real error.

[70

]
! Preview: Snippet 71 started.
<-><->
      
l.156 \subsection
                 {BADMM Algorithm}
Not a real error.

! Preview: Snippet 71 ended.(664101+183500x25559040).
<-><->
      
l.156 \subsection{BADMM Algorithm}
                                  
Not a real error.

[71

]
! Preview: Snippet 72 started.
<-><->
      
l.158 \section
              {Reinforcement Learning}
Not a real error.

! Preview: Snippet 72 ended.(796922+220200x25559040).
<-><->
      
l.158 \section{Reinforcement Learning}
                                      
Not a real error.

[72

]
! Preview: Snippet 73 started.
<-><->
      
l.160 \subsection
                 {Optimal Control}
Not a real error.

! Preview: Snippet 73 ended.(664101+183500x25559040).
<-><->
      
l.160 \subsection{Optimal Control}
                                  
Not a real error.

[73

]
! Preview: Snippet 74 started.
<-><->
      
l.162 \subsubsection
                    {LQR}
Not a real error.

! Preview: Snippet 74 ended.(529695+152916x25559040).
<-><->
      
l.162 \subsubsection{LQR}
                         
Not a real error.

[74

]
! Preview: Snippet 75 started.
<-><->
      
l.164 \subsubsection
                    {MPC and ILQR}
Not a real error.

! Preview: Snippet 75 ended.(553418+152916x25559040).
<-><->
      
l.164 \subsubsection{MPC and ILQR}
                                  
Not a real error.

[75

]
! Preview: Snippet 76 started.
<-><->
      
l.166 \subsubsection
                    {Stochastic Optimal Control}
Not a real error.

! Preview: Snippet 76 ended.(553418+152916x25559040).
<-><->
      
l.166 \subsubsection{Stochastic Optimal Control}
                                                
Not a real error.

[76

]
! Preview: Snippet 77 started.
<-><->
      
l.168 \subsection
                 {Policy Gradients}
Not a real error.

! Preview: Snippet 77 ended.(664101+183500x25559040).
<-><->
      
l.168 \subsection{Policy Gradients}
                                   
Not a real error.

[77

]
! Preview: Snippet 78 started.
<-><->
      
l.170 \subsection
                 {Natural Policy Gradients}
Not a real error.

! Preview: Snippet 78 ended.(664101+183500x25559040).
<-><->
      
l.170 \subsection{Natural Policy Gradients}
                                           
Not a real error.

[78

]
! Preview: Snippet 79 started.
<-><->
      
l.172 \subsection
                 {Trust Region Policy Optimization}
Not a real error.

! Preview: Snippet 79 ended.(664101+183500x25559040).
<-><->
      
l.172 ...section{Trust Region Policy Optimization}
                                                  
Not a real error.

[79

]
! Preview: Snippet 80 started.
<-><->
      
l.174 \subsection
                 {Guided Policy Search}
Not a real error.

! Preview: Snippet 80 ended.(664101+183500x25559040).
<-><->
      
l.174 \subsection{Guided Policy Search}
                                       
Not a real error.

[80

]
! Preview: Snippet 81 started.
<-><->
      
l.176 \subsection
                 {End to End Deep Visuomotor Policies}
Not a real error.

! Preview: Snippet 81 ended.(664101+183500x25559040).
<-><->
      
l.176 ...tion{End to End Deep Visuomotor Policies}
                                                  
Not a real error.

[81

]
! Preview: Snippet 82 started.
<-><->
      
l.178 \section
              {Neural Networks}
Not a real error.

! Preview: Snippet 82 ended.(796922+0x25559040).
<-><->
      
l.178 \section{Neural Networks}
                               
Not a real error.

[82

]
! Preview: Snippet 83 started.
<-><->
      
l.180 \subsection
                 {Variational Autoencoders}
Not a real error.

! Preview: Snippet 83 ended.(664101+0x25559040).
<-><->
      
l.180 \subsection{Variational Autoencoders}
                                           
Not a real error.

[83

]
! Preview: Snippet 84 started.
<-><->
      
l.182 \subsection
                 {Architectures}
Not a real error.

! Preview: Snippet 84 ended.(664101+0x25559040).
<-><->
      
l.182 \subsection{Architectures}
                                
Not a real error.

[84

]
! Preview: Snippet 85 started.
<-><->
      
l.184 \subsubsection
                    {Neural Turing Machine}
Not a real error.

! Preview: Snippet 85 ended.(553418+152916x25559040).
<-><->
      
l.184 \subsubsection{Neural Turing Machine}
                                           
Not a real error.

[85

]
! Preview: Snippet 86 started.
<-><->
      
l.186 \subsubsection
                    {Neural GPU}
Not a real error.

! Preview: Snippet 86 ended.(553418+0x25559040).
<-><->
      
l.186 \subsubsection{Neural GPU}
                                
Not a real error.

[86

]
! Preview: Snippet 87 started.
<-><->
      
l.188 \subsubsection
                    {Grid LSTM}
Not a real error.

! Preview: Snippet 87 ended.(553418+0x25559040).
<-><->
      
l.188 \subsubsection{Grid LSTM}
                               
Not a real error.

[87

]
! Preview: Snippet 88 started.
<-><->
      
l.190 \section
              {Miscellaneous}
Not a real error.

! Preview: Snippet 88 ended.(796922+0x25559040).
<-><->
      
l.190 \section{Miscellaneous}
                             
Not a real error.

[88

]
! Preview: Snippet 89 started.
<-><->
      
l.192 \subsection
                 {Matrix Differentials}
Not a real error.

! Preview: Snippet 89 ended.(664101+0x25559040).
<-><->
      
l.192 \subsection{Matrix Differentials}
                                       
Not a real error.

[89

]
! Preview: Snippet 90 started.
<-><->
      
l.194 \subsection
                 {Calculus of Variations}
Not a real error.

! Preview: Snippet 90 ended.(664101+0x25559040).
<-><->
      
l.194 \subsection{Calculus of Variations}
                                         
Not a real error.

[90

]
! Preview: Snippet 91 started.
<-><->
      
l.196 \subsection
                 {Echo State Networks}
Not a real error.

! Preview: Snippet 91 ended.(664101+0x25559040).
<-><->
      
l.196 \subsection{Echo State Networks}
                                      
Not a real error.

[91

]
! Preview: Snippet 92 started.
<-><->
      
l.198 \subsection
                 {Gumbel Trick}
Not a real error.

! Preview: Snippet 92 ended.(664101+0x25559040).
<-><->
      
l.198 \subsection{Gumbel Trick}
                               
Not a real error.

[92

]
! Preview: Snippet 93 started.
<-><->
      
l.200 \subsection
                 {Support Vector Machines}
Not a real error.

! Preview: Snippet 93 ended.(664101+183500x25559040).
<-><->
      
l.200 \subsection{Support Vector Machines}
                                          
Not a real error.

[93

]
! Preview: Snippet 94 started.
<-><->
      
l.202 \subsection
                 {Gaussian Processes}
Not a real error.

! Preview: Snippet 94 ended.(635633+0x25559040).
<-><->
      
l.202 \subsection{Gaussian Processes}
                                     
Not a real error.

[94

]
! Preview: Snippet 95 started.
<-><->
      
l.204 \subsection
                 {Independent Component Analysis}
Not a real error.

! Preview: Snippet 95 ended.(664101+183500x25559040).
<-><->
      
l.204 \subsection{Independent Component Analysis}
                                                 
Not a real error.

[95

]
Package atveryend Info: Empty hook `BeforeClearDocument' on input line 206.
Package atveryend Info: Empty hook `AfterLastShipout' on input line 206.
Package atveryend Info: Executing hook `AtVeryEndDocument' on input line 206.
Package atveryend Info: Empty hook `AtEndAfterFileList' on input line 206.
Package atveryend Info: Empty hook `AtVeryVeryEnd' on input line 206.
 ) 
Here is how much of TeX's memory you used:
 976 strings out of 488031
 15362 string characters out of 6076579
 232957 words of memory out of 5000000
 10990 multiletter control sequences out of 15000+600000
 60379 words of font info for 57 fonts, out of 8000000 for 9000
 14 hyphenation exceptions out of 8191
 30i,11n,29p,449b,362s stack positions out of 5000i,500n,10000p,200000b,80000s
{/usr/share/texmf/fonts/enc/dvips/lm/lm-mathsy.enc}{/usr/share/texmf/fonts/en
c/dvips/lm/lm-rm.enc}{/usr/share/texmf/fonts/enc/dvips/lm/lm-mathex.enc}{/usr/s
hare/texmf/fonts/enc/dvips/lm/lm-mathit.enc}</usr/share/texmf/fonts/type1/publi
c/lm/lmbx12.pfb></usr/share/texmf/fonts/type1/public/lm/lmex10.pfb></usr/share/
texmf/fonts/type1/public/lm/lmmi12.pfb></usr/share/texmf/fonts/type1/public/lm/
lmmi8.pfb></usr/share/texmf/fonts/type1/public/lm/lmr12.pfb></usr/share/texmf/f
onts/type1/public/lm/lmr8.pfb></usr/share/texmf/fonts/type1/public/lm/lmsy10.pf
b></usr/share/texmf/fonts/type1/public/lm/lmsy8.pfb>
Output written on _region_.pdf (95 pages, 113521 bytes).
PDF statistics:
 427 PDF objects out of 1000 (max. 8388607)
 318 compressed objects within 4 object streams
 63 named destinations out of 1000 (max. 500000)
 6657 words of extra memory for PDF output out of 10000 (max. 10000000)

