\BOOKMARK [1][-]{section.1}{Probability Theory}{}% 1
\BOOKMARK [2][-]{subsection.1.1}{Conjugate Priors}{section.1}% 2
\BOOKMARK [2][-]{subsection.1.2}{Basic manipulations of Multivariate Gaussians}{section.1}% 3
\BOOKMARK [2][-]{subsection.1.3}{Extremal Value Distributions}{section.1}% 4
\BOOKMARK [1][-]{section.2}{Information Theory}{}% 5
\BOOKMARK [2][-]{subsection.2.1}{Basics}{section.2}% 6
\BOOKMARK [2][-]{subsection.2.2}{KL Divergence}{section.2}% 7
\BOOKMARK [2][-]{subsection.2.3}{Fisher Information Matrix}{section.2}% 8
\BOOKMARK [1][-]{section.3}{Linear Algebra}{}% 9
\BOOKMARK [2][-]{subsection.3.1}{Identities}{section.3}% 10
\BOOKMARK [2][-]{subsection.3.2}{Singular Value Decomposition}{section.3}% 11
\BOOKMARK [2][-]{subsection.3.3}{Principle Component Analysis}{section.3}% 12
\BOOKMARK [1][-]{section.4}{Probabalistic Graphical Models}{}% 13
\BOOKMARK [2][-]{subsection.4.1}{Viterbi and Forward Backward Algorithm}{section.4}% 14
\BOOKMARK [2][-]{subsection.4.2}{Message Passing and Loopy Belief Propagation}{section.4}% 15
\BOOKMARK [2][-]{subsection.4.3}{Efficient Inference in Dense Gaussian CRFS}{section.4}% 16
\BOOKMARK [1][-]{section.5}{Linear and Nonlinear Bayesian Models}{}% 17
\BOOKMARK [2][-]{subsection.5.1}{Bayesian Linear Regression}{section.5}% 18
\BOOKMARK [3][-]{subsubsection.5.1.1}{Evidence Approximation}{subsection.5.1}% 19
\BOOKMARK [2][-]{subsection.5.2}{Bayesian Logistic Regression}{section.5}% 20
\BOOKMARK [3][-]{subsubsection.5.2.1}{Laplace Approximation}{subsection.5.2}% 21
\BOOKMARK [2][-]{subsection.5.3}{Spline and Wavelet Bases}{section.5}% 22
\BOOKMARK [2][-]{subsection.5.4}{Bayesian Neural Networks}{section.5}% 23
\BOOKMARK [1][-]{section.6}{Approximate Inference}{}% 24
\BOOKMARK [2][-]{subsection.6.1}{Expectation Maximization}{section.6}% 25
\BOOKMARK [2][-]{subsection.6.2}{Variational Inference}{section.6}% 26
\BOOKMARK [1][-]{section.7}{Sampling Algorithms}{}% 27
\BOOKMARK [2][-]{subsection.7.1}{Importance Sampling}{section.7}% 28
\BOOKMARK [2][-]{subsection.7.2}{Monte Carlo Markov Chain}{section.7}% 29
\BOOKMARK [3][-]{subsubsection.7.2.1}{Reversible Jump MCMC}{subsection.7.2}% 30
\BOOKMARK [2][-]{subsection.7.3}{Gibbs Sampling}{section.7}% 31
\BOOKMARK [1][-]{section.8}{Optimization}{}% 32
\BOOKMARK [2][-]{subsection.8.1}{Lagrange Multipliers}{section.8}% 33
\BOOKMARK [2][-]{subsection.8.2}{Lagrangian Duality}{section.8}% 34
\BOOKMARK [2][-]{subsection.8.3}{KKT Conditions}{section.8}% 35
\BOOKMARK [2][-]{subsection.8.4}{SGD Variants}{section.8}% 36
\BOOKMARK [2][-]{subsection.8.5}{BADMM Algorithm}{section.8}% 37
\BOOKMARK [1][-]{section.9}{Reinforcement Learning}{}% 38
\BOOKMARK [2][-]{subsection.9.1}{Optimal Control}{section.9}% 39
\BOOKMARK [3][-]{subsubsection.9.1.1}{LQR}{subsection.9.1}% 40
\BOOKMARK [3][-]{subsubsection.9.1.2}{MPC and ILQR}{subsection.9.1}% 41
\BOOKMARK [3][-]{subsubsection.9.1.3}{Stochastic Optimal Control}{subsection.9.1}% 42
\BOOKMARK [2][-]{subsection.9.2}{Policy Gradients}{section.9}% 43
\BOOKMARK [2][-]{subsection.9.3}{Natural Policy Gradients}{section.9}% 44
\BOOKMARK [2][-]{subsection.9.4}{Trust Region Policy Optimization}{section.9}% 45
\BOOKMARK [2][-]{subsection.9.5}{Guided Policy Search}{section.9}% 46
\BOOKMARK [2][-]{subsection.9.6}{End to End Deep Visuomotor Policies}{section.9}% 47
\BOOKMARK [1][-]{section.10}{Neural Networks}{}% 48
\BOOKMARK [2][-]{subsection.10.1}{Variational Autoencoders}{section.10}% 49
\BOOKMARK [2][-]{subsection.10.2}{Architectures}{section.10}% 50
\BOOKMARK [3][-]{subsubsection.10.2.1}{Neural Turing Machine}{subsection.10.2}% 51
\BOOKMARK [3][-]{subsubsection.10.2.2}{Neural GPU}{subsection.10.2}% 52
\BOOKMARK [3][-]{subsubsection.10.2.3}{Grid LSTM}{subsection.10.2}% 53
\BOOKMARK [1][-]{section.11}{Miscellaneous}{}% 54
\BOOKMARK [2][-]{subsection.11.1}{Matrix Differentials}{section.11}% 55
\BOOKMARK [2][-]{subsection.11.2}{Calculus of Variations}{section.11}% 56
\BOOKMARK [2][-]{subsection.11.3}{Echo State Networks}{section.11}% 57
\BOOKMARK [2][-]{subsection.11.4}{Gumbel Trick}{section.11}% 58
\BOOKMARK [2][-]{subsection.11.5}{Support Vector Machines}{section.11}% 59
\BOOKMARK [2][-]{subsection.11.6}{Gaussian Processes}{section.11}% 60
\BOOKMARK [2][-]{subsection.11.7}{Independent Component Analysis}{section.11}% 61
